* using log directory ‘/home/nik/git/cyclops/fvafrcu/document/document.Rcheck’
* using R Under development (unstable) (2017-06-23 r72845)
* using platform: x86_64-pc-linux-gnu (64-bit)
* using session charset: UTF-8
* using options ‘--run-donttest --as-cran’
* checking for file ‘document/DESCRIPTION’ ... OK
* this is package ‘document’ version ‘1.2.0’
* package encoding: UTF-8
* checking CRAN incoming feasibility ... WARNING
Maintainer: ‘Andreas Dominik Cullmann <adc-r@arcor.de>’

Insufficient package version (submitted: 1.2.0, existing: 1.2.0)

Found the following (possibly) invalid URLs:
  URL: https://cran.rstudio.com/web/packages/document/index.html
    From: README.md
    Status: 200
    Message: OK
    CRAN URL not in canonical form
  Canonical CRAN.R-project.org URLs use https.
* checking package namespace information ... OK
* checking package dependencies ... OK
* checking if this is a source package ... OK
* checking if there is a namespace ... OK
* checking for executable files ... OK
* checking for hidden files and directories ... OK
* checking for portable file names ... OK
* checking for sufficient/correct file permissions ... OK
* checking whether package ‘document’ can be installed ... OK
* checking installed package size ... OK
* checking package directory ... OK
* checking ‘build’ directory ... OK
* checking DESCRIPTION meta-information ... OK
* checking top-level files ... OK
* checking for left-over files ... OK
* checking index information ... OK
* checking package subdirectories ... OK
* checking R files for non-ASCII characters ... OK
* checking R files for syntax errors ... OK
* checking whether the package can be loaded ... OK
* checking whether the package can be loaded with stated dependencies ... OK
* checking whether the package can be unloaded cleanly ... OK
* checking whether the namespace can be loaded with stated dependencies ... OK
* checking whether the namespace can be unloaded cleanly ... OK
* checking use of S3 registration ... OK
* checking dependencies in R code ... OK
* checking S3 generic/method consistency ... OK
* checking replacement functions ... OK
* checking foreign function calls ... OK
* checking R code for possible problems ... OK
* checking Rd files ... OK
* checking Rd metadata ... OK
* checking Rd line widths ... OK
* checking Rd cross-references ... OK
* checking for missing documentation entries ... OK
* checking for code/documentation mismatches ... OK
* checking Rd \usage sections ... OK
* checking Rd contents ... OK
* checking for unstated dependencies in examples ... OK
* checking installed files from ‘inst/doc’ ... OK
* checking files in ‘vignettes’ ... OK
* checking examples ... NOTE
Examples with CPU or elapsed time > 5s
           user system elapsed
man      14.544  2.288  18.348
document  9.620  1.100  11.427
* checking for unstated dependencies in ‘tests’ ... OK
* checking tests ... OK
  Running ‘runit.R’ [12s/12s]
  Running ‘testthat.R’ [147s/160s]
* checking for unstated dependencies in vignettes ... OK
* checking package vignettes in ‘inst/doc’ ... OK
* checking re-building of vignette outputs ... OK
* checking PDF version of manual ... OK
* DONE
Status: 1 WARNING, 1 NOTE
