inst/tests/runit.R 12 13 style Variable and function names should be all lowercase.     if (res$nFail > 0 || res$nErr > 0) { list(c(13, 17)) camel_case_linter
inst/tests/runit.R 12 13 style Variable and function names should be all lowercase.     if (res$nFail > 0 || res$nErr > 0) { list(c(13, 17)) camel_case_linter
inst/tests/runit.R 12 30 style Variable and function names should be all lowercase.     if (res$nFail > 0 || res$nErr > 0) { list(c(30, 33)) camel_case_linter
inst/tests/runit.R 12 30 style Variable and function names should be all lowercase.     if (res$nFail > 0 || res$nErr > 0) { list(c(30, 33)) camel_case_linter
inst/tests/runit.R 14 27 style Variable and function names should be all lowercase.                lapply(res$sourceFileResults, list(c(27, 43)) camel_case_linter
inst/tests/runit.R 14 27 style Variable and function names should be all lowercase.                lapply(res$sourceFileResults, list(c(27, 43)) camel_case_linter
inst/tests/runit.R 15 32 style Variable and function names should be all lowercase.                       function(fileRes) { list(c(32, 38)) camel_case_linter
inst/tests/runit.R 15 32 style Variable and function names should be all lowercase.                       function(fileRes) { list(c(32, 38)) camel_case_linter
inst/tests/runit.R 17 40 style Variable and function names should be all lowercase.                                        fileRes)) list(c(40, 46)) camel_case_linter
inst/tests/runit.R 17 40 style Variable and function names should be all lowercase.                                        fileRes)) list(c(40, 46)) camel_case_linter
inst/tests/runit.R 24 18 style Variable and function names should be all lowercase. package_suite <- defineTestSuite("document_unit_test", list(c(18, 32)) camel_case_linter
inst/tests/runit.R 24 18 style Variable and function names should be all lowercase. package_suite <- defineTestSuite("document_unit_test", list(c(18, 32)) camel_case_linter
inst/tests/runit.R 29 16 style Variable and function names should be all lowercase. test_result <- runTestSuite(package_suite) list(c(16, 27)) camel_case_linter
inst/tests/runit.R 29 16 style Variable and function names should be all lowercase. test_result <- runTestSuite(package_suite) list(c(16, 27)) camel_case_linter
inst/tests/runit.R 31 1 style Variable and function names should be all lowercase. printTextProtocol(test_result, showDetails = TRUE, list(c(1, 17)) camel_case_linter
inst/tests/runit.R 31 1 style Variable and function names should be all lowercase. printTextProtocol(test_result, showDetails = TRUE, list(c(1, 17)) camel_case_linter
inst/tests/runit.R 33 1 style Variable and function names should be all lowercase. printTextProtocol(test_result, showDetails = TRUE) list(c(1, 17)) camel_case_linter
inst/tests/runit.R 33 1 style Variable and function names should be all lowercase. printTextProtocol(test_result, showDetails = TRUE) list(c(1, 17)) camel_case_linter
inst/tests/runit.R 35 1 style Variable and function names should be all lowercase. printHTMLProtocol(test_result, fileName = html_file) list(c(1, 17)) camel_case_linter
inst/tests/runit.R 35 1 style Variable and function names should be all lowercase. printHTMLProtocol(test_result, fileName = html_file) list(c(1, 17)) camel_case_linter
R/man.R 29 23 warning no visible global function definition for ‘display_Rd’             status <- display_Rd(x) list(c(23, 32)) object_usage_linter
R/man.R 39 27 warning no visible global function definition for ‘display_Rd’                 status <- display_Rd(rd_file) list(c(27, 36)) object_usage_linter
R/man.R 50 27 warning no visible global function definition for ‘display_Rd’                 status <- display_Rd(rd_file) list(c(27, 36)) object_usage_linter
